Safing Spring/safing/bin/app/build/intermediates/manifest_merge_blame_file/debug/manifest-merger-blame-debug-report.txt
1<?xml version="1.0" encoding="utf-8"?>
2<manifest xmlns:android="http://schemas.android.com/apk/res/android"
3    package="com.example.safing"
4    android:versionCode="1"
5    android:versionName="1.0" >
6
7    <uses-sdk
8        android:minSdkVersion="21"
8-->src\main\AndroidManifest.xml
9        android:targetSdkVersion="31" />
9-->src\main\AndroidManifest.xml
10    <!-- 인터넷 권한 -->
11    <uses-permission android:name="android.permission.INTERNET" />
11-->src\main\AndroidManifest.xml:6:5-67
11-->src\main\AndroidManifest.xml:6:22-64
12    <uses-permission android:name="android.permission.ACCESS_NETWORK_STATE" />
12-->src\main\AndroidManifest.xml:7:5-79
12-->src\main\AndroidManifest.xml:7:22-76
13    <uses-permission android:name="android.permission.ACCESS_WIFI_STATE" />
13-->src\main\AndroidManifest.xml:8:5-76
13-->src\main\AndroidManifest.xml:8:22-73
14    <uses-permission android:name="android.permission.ACCESS_NETWORK_STATE" />
14-->src\main\AndroidManifest.xml:7:5-79
14-->src\main\AndroidManifest.xml:7:22-76
15    <uses-permission android:name="android.permission.ACCESS_WIFI_STATE" /> <!-- 저장소와 카메라 권한 별도의 동의가 필요함 -->
15-->src\main\AndroidManifest.xml:8:5-76
15-->src\main\AndroidManifest.xml:8:22-73
16    <uses-permission android:name="android.permission.WRITE_EXTERNAL_STORAGE" />
16-->src\main\AndroidManifest.xml:11:5-81
16-->src\main\AndroidManifest.xml:11:22-78
17    <uses-permission android:name="android.permission.READ_EXTERNAL_STORAGE" />
17-->src\main\AndroidManifest.xml:12:5-80
17-->src\main\AndroidManifest.xml:12:22-77
18    <uses-permission android:name="android.permission.ACCESS_MEDIA_LOCATION" />
18-->src\main\AndroidManifest.xml:13:5-80
18-->src\main\AndroidManifest.xml:13:22-77
19    <uses-permission android:name="android.permission.CAMERA" />
19-->src\main\AndroidManifest.xml:14:5-65
19-->src\main\AndroidManifest.xml:14:22-62
20
21    <uses-feature
21-->src\main\AndroidManifest.xml:16:5-18:35
22        android:name="android.hardware.camera2"
22-->src\main\AndroidManifest.xml:17:9-48
23        android:required="true" /> <!-- API30 이상부터는 queries라는 권한여부를 받는 처리가 한번 더 생김 -->
23-->src\main\AndroidManifest.xml:18:9-32
24    <queries>
24-->src\main\AndroidManifest.xml:19:5-51:15
25
26        <!-- WebView -->
27        <intent>
27-->src\main\AndroidManifest.xml:22:9-28:18
28            <action android:name="android.intent.action.VIEW" />
28-->src\main\AndroidManifest.xml:23:13-65
28-->src\main\AndroidManifest.xml:23:21-62
29
30            <category android:name="android.intent.category.BROWSABLE" />
30-->src\main\AndroidManifest.xml:25:13-74
30-->src\main\AndroidManifest.xml:25:23-71
31
32            <data android:scheme="http" />
32-->src\main\AndroidManifest.xml:27:13-43
32-->src\main\AndroidManifest.xml:27:19-40
33        </intent>
34        <intent>
34-->src\main\AndroidManifest.xml:29:9-35:18
35            <action android:name="android.intent.action.VIEW" />
35-->src\main\AndroidManifest.xml:23:13-65
35-->src\main\AndroidManifest.xml:23:21-62
36
37            <category android:name="android.intent.category.BROWSABLE" />
37-->src\main\AndroidManifest.xml:25:13-74
37-->src\main\AndroidManifest.xml:25:23-71
38
39            <data android:scheme="https" />
39-->src\main\AndroidManifest.xml:27:13-43
39-->src\main\AndroidManifest.xml:27:19-40
40        </intent>
41
42        <!-- Camera -->
43        <intent>
43-->src\main\AndroidManifest.xml:38:9-40:18
44            <action android:name="android.media.action.IMAGE_CAPTURE" />
44-->src\main\AndroidManifest.xml:39:13-73
44-->src\main\AndroidManifest.xml:39:21-70
45        </intent>
46
47        <!-- Gallery -->
48        <intent>
48-->src\main\AndroidManifest.xml:43:9-45:18
49            <action android:name="android.intent.action.GET_CONTENT" />
49-->src\main\AndroidManifest.xml:44:13-72
49-->src\main\AndroidManifest.xml:44:21-69
50        </intent>
51
52        <!-- Youtube -->
53        <intent>
53-->src\main\AndroidManifest.xml:48:9-50:18
54            <action android:name="android.media.browse.MediaBrowserService" />
54-->src\main\AndroidManifest.xml:49:13-79
54-->src\main\AndroidManifest.xml:49:21-76
55        </intent>
56    </queries>
57
58    <application
58-->src\main\AndroidManifest.xml:53:5-101:19
59        android:allowBackup="true"
59-->src\main\AndroidManifest.xml:54:9-35
60        android:appComponentFactory="androidx.core.app.CoreComponentFactory"
60-->[androidx.core:core:1.7.0] AndroidManifest.xml:24:18-86
61        android:debuggable="true"
62        android:icon="@mipmap/ic_launcher"
62-->src\main\AndroidManifest.xml:55:9-43
63        android:label="@string/app_name"
63-->src\main\AndroidManifest.xml:56:9-41
64        android:roundIcon="@mipmap/ic_launcher_round"
64-->src\main\AndroidManifest.xml:57:9-54
65        android:supportsRtl="true"
65-->src\main\AndroidManifest.xml:58:9-35
66        android:testOnly="true"
67        android:theme="@style/Theme.Safing"
67-->src\main\AndroidManifest.xml:59:9-44
68        android:usesCleartextTraffic="true" >
68-->src\main\AndroidManifest.xml:60:9-44
69        <activity
69-->src\main\AndroidManifest.xml:61:9-63:40
70            android:name="com.example.safing.shop.activity.SearchAddrActivity"
70-->src\main\AndroidManifest.xml:62:13-61
71            android:exported="false" />
71-->src\main\AndroidManifest.xml:63:13-37
72        <activity
72-->src\main\AndroidManifest.xml:64:9-66:70
73            android:name="com.example.safing.shop.activity.Review_Result_Activity"
73-->src\main\AndroidManifest.xml:65:13-65
74            android:theme="@style/Theme.AppCompat.DayNight.Dialog" />
74-->src\main\AndroidManifest.xml:66:13-67
75        <activity
75-->src\main\AndroidManifest.xml:67:9-69:70
76            android:name="com.example.safing.shop.activity.Purchase_Result_Activity"
76-->src\main\AndroidManifest.xml:68:13-67
77            android:theme="@style/Theme.AppCompat.DayNight.Dialog" />
77-->src\main\AndroidManifest.xml:69:13-67
78        <activity
78-->src\main\AndroidManifest.xml:70:9-72:70
79            android:name="com.example.safing.shop.activity.Review_Image_Activity"
79-->src\main\AndroidManifest.xml:71:13-64
80            android:theme="@style/Theme.AppCompat.DayNight.Dialog" />
80-->src\main\AndroidManifest.xml:72:13-67
81        <activity
81-->src\main\AndroidManifest.xml:73:9-76:59
82            android:name="com.example.safing.MainActivity"
82-->src\main\AndroidManifest.xml:74:13-41
83            android:exported="false"
83-->src\main\AndroidManifest.xml:75:13-37
84            android:windowSoftInputMode="adjustNothing" />
84-->src\main\AndroidManifest.xml:76:13-56
85
86        <uses-library
86-->src\main\AndroidManifest.xml:78:9-80:40
87            android:name="org.apache.http.legacy"
87-->src\main\AndroidManifest.xml:79:13-50
88            android:required="false" />
88-->src\main\AndroidManifest.xml:80:13-37
89
90        <activity
90-->src\main\AndroidManifest.xml:82:9-90:20
91            android:name="com.example.safing.splash.SplashActivity"
91-->src\main\AndroidManifest.xml:83:13-50
92            android:exported="true" >
92-->src\main\AndroidManifest.xml:84:13-36
93            <intent-filter>
93-->src\main\AndroidManifest.xml:85:13-89:29
94                <action android:name="android.intent.action.MAIN" />
94-->src\main\AndroidManifest.xml:86:17-69
94-->src\main\AndroidManifest.xml:86:25-66
95
96                <category android:name="android.intent.category.LAUNCHER" />
96-->src\main\AndroidManifest.xml:88:17-77
96-->src\main\AndroidManifest.xml:88:27-74
97            </intent-filter>
98        </activity>
99
100        <provider
101            android:name="androidx.core.content.FileProvider"
101-->src\main\AndroidManifest.xml:93:13-62
102            android:authorities="com.example.safing.fileprovider"
102-->src\main\AndroidManifest.xml:94:13-64
103            android:exported="false"
103-->src\main\AndroidManifest.xml:95:13-37
104            android:grantUriPermissions="true" >
104-->src\main\AndroidManifest.xml:96:13-47
105            <meta-data
105-->src\main\AndroidManifest.xml:97:13-99:52
106                android:name="android.support.FILE_PROVIDER_PATHS"
106-->src\main\AndroidManifest.xml:98:17-67
107                android:resource="@xml/filepath" />
107-->src\main\AndroidManifest.xml:99:17-49
108        </provider>
109        <provider
109-->[androidx.emoji2:emoji2:1.0.0] AndroidManifest.xml:26:9-34:20
110            android:name="androidx.startup.InitializationProvider"
110-->[androidx.emoji2:emoji2:1.0.0] AndroidManifest.xml:27:13-67
111            android:authorities="com.example.safing.androidx-startup"
111-->[androidx.emoji2:emoji2:1.0.0] AndroidManifest.xml:28:13-68
112            android:exported="false" >
112-->[androidx.emoji2:emoji2:1.0.0] AndroidManifest.xml:29:13-37
113            <meta-data
113-->[androidx.emoji2:emoji2:1.0.0] AndroidManifest.xml:31:13-33:52
114                android:name="androidx.emoji2.text.EmojiCompatInitializer"
114-->[androidx.emoji2:emoji2:1.0.0] AndroidManifest.xml:32:17-75
115                android:value="androidx.startup" />
115-->[androidx.emoji2:emoji2:1.0.0] AndroidManifest.xml:33:17-49
116            <meta-data
116-->[androidx.lifecycle:lifecycle-process:2.4.0] AndroidManifest.xml:31:13-33:52
117                android:name="androidx.lifecycle.ProcessLifecycleInitializer"
117-->[androidx.lifecycle:lifecycle-process:2.4.0] AndroidManifest.xml:32:17-78
118                android:value="androidx.startup" />
118-->[androidx.lifecycle:lifecycle-process:2.4.0] AndroidManifest.xml:33:17-49
119        </provider>
120    </application>
121
122</manifest>